#
# A fatal error has been detected by the Java Runtime Environment:
#
#  EXCEPTION_ACCESS_VIOLATION (0xc0000005) at pc=0x68ff757e, pid=16596, tid=0x00007858
#
# JRE version: Java(TM) SE Runtime Environment (8.0_191-b12) (build 1.8.0_191-b12)
# Java VM: Java HotSpot(TM) Client VM (25.191-b12 mixed mode windows-x86 )
# Problematic frame:
# V  [jvm.dll+0xe757e]
#
# Failed to write core dump. Minidumps are not enabled by default on client versions of Windows
#
# If you would like to submit a bug report, please visit:
#   http://bugreport.java.com/bugreport/crash.jsp
#

---------------  T H R E A D  ---------------

Current thread (0x29889800):  JavaThread "EventThread COM6" [_thread_in_vm, id=30808, stack(0x27bb0000,0x27c00000)]

siginfo: ExceptionCode=0xc0000005, reading address 0x00000000

Registers:
EAX=0x00000000, EBX=0x2b9dd028, ECX=0x29889800, EDX=0x0000009f
ESP=0x27bfd05c, EBP=0x27bfd078, ESI=0x00000000, EDI=0x29889800
EIP=0x68ff757e, EFLAGS=0x00010246

Top of Stack: (sp=0x27bfd05c)
0x27bfd05c:   27bfd094 29889940 2b9dd028 29889800
0x27bfd06c:   2864e33c 0000009f 691f5568 27bff388
0x27bfd07c:   6400183d 29889940 00000000 00000000
0x27bfd08c:   000022a1 27bfd094 0d30203a 4f0a0d0a
0x27bfd09c:   0d0a0d4b 54482b0a 43415054 4e4f4954
0x27bfd0ac:   0d30203a 4f0a0d0a 0d0a0d4b 54482b0a
0x27bfd0bc:   43415054 4e4f4954 0d30203a 4f0a0d0a
0x27bfd0cc:   0d0a0d4b 54482b0a 43415054 4e4f4954 

Instructions: (pc=0x68ff757e)
0x68ff755e:   c4 08 83 7f 04 00 89 7d f0 c7 45 f4 00 00 00 00
0x68ff756e:   74 08 8d 4d f0 e8 e8 34 0c 00 8b 75 10 8b 45 0c
0x68ff757e:   8b 10 85 f6 78 32 8b 45 14 85 c0 78 2b 8d 0c 06
0x68ff758e:   3b 4a 08 77 23 85 c0 7e 3b 8b 4a 04 8b 49 04 83 


Register to memory mapping:

EAX=0x00000000 is an unknown value
EBX=0x2b9dd028 is an unknown value
ECX=0x29889800 is a thread
EDX=0x0000009f is an unknown value
ESP=0x27bfd05c is pointing into the stack for thread: 0x29889800
EBP=0x27bfd078 is pointing into the stack for thread: 0x29889800
ESI=0x00000000 is an unknown value
EDI=0x29889800 is a thread


Stack: [0x27bb0000,0x27c00000],  sp=0x27bfd05c,  free space=308k
Native frames: (J=compiled Java code, j=interpreted, Vv=VM code, C=native code)
V  [jvm.dll+0xe757e]
C  [jSSC-2.8_x86.dll+0x183d]
J 3542  jssc.SerialNativeInterface.readBytes(JI)[B (0 bytes) @ 0x02b06665 [0x02b065d0+0x95]
J 110413 C1 jssc.SerialPort$EventThread.run()V (84 bytes) @ 0x02aba970 [0x02aba700+0x270]
v  ~StubRoutines::call_stub
V  [jvm.dll+0x15c315]
V  [jvm.dll+0x223ece]
V  [jvm.dll+0x15c3ae]
V  [jvm.dll+0x15c536]
V  [jvm.dll+0x15c5a7]
V  [jvm.dll+0x1002ef]
V  [jvm.dll+0x17f550]
V  [jvm.dll+0x17fdca]
V  [jvm.dll+0x1c57a6]
C  [msvcr100.dll+0x5c556]
C  [msvcr100.dll+0x5c600]
C  [KERNEL32.DLL+0x17ba9]
C  [ntdll.dll+0x6bd3b]
C  [ntdll.dll+0x6bcbf]
C  0x00000000

Java frames: (J=compiled Java code, j=interpreted, Vv=VM code)
J 3542  jssc.SerialNativeInterface.readBytes(JI)[B (0 bytes) @ 0x02b06621 [0x02b065d0+0x51]
J 110413 C1 jssc.SerialPort$EventThread.run()V (84 bytes) @ 0x02aba970 [0x02aba700+0x270]
v  ~StubRoutines::call_stub

---------------  P R O C E S S  ---------------

Java Threads: ( => current thread )
=>0x29889800 JavaThread "EventThread COM6" [_thread_in_vm, id=30808, stack(0x27bb0000,0x27c00000)]
  0x29887000 JavaThread "JmDNS(host-docker-internal.local.).State.Timer" [_thread_blocked, id=26808, stack(0x295a0000,0x295f0000)]
  0x29886000 JavaThread "JmDNS(host-docker-internal.local.).Timer" daemon [_thread_blocked, id=1100, stack(0x29260000,0x292b0000)]
  0x29883800 JavaThread "SocketListener(host-docker-internal.local.)" daemon [_thread_blocked, id=23412, stack(0x290e0000,0x29130000)]
  0x29889000 JavaThread "JmDNS(nazmul46416-WHILDC-COM.local.).State.Timer" [_thread_blocked, id=16924, stack(0x24c00000,0x24c50000)]
  0x2988a800 JavaThread "JmDNS(nazmul46416-WHILDC-COM.local.).Timer" daemon [_thread_blocked, id=16256, stack(0x02640000,0x02690000)]
  0x29887c00 JavaThread "DestroyJavaVM" [_thread_blocked, id=24392, stack(0x02580000,0x025d0000)]
  0x29884400 JavaThread "TimerQueue" daemon [_thread_blocked, id=23100, stack(0x2b8f0000,0x2b940000)]
  0x286d8400 JavaThread "AWT-EventQueue-0" [_thread_blocked, id=16904, stack(0x29190000,0x291e0000)]
  0x286d8000 JavaThread "AWT-Shutdown" [_thread_blocked, id=12860, stack(0x27cd0000,0x27d20000)]
  0x286d9000 JavaThread "Batik CleanerThread" daemon [_thread_blocked, id=19064, stack(0x29410000,0x29460000)]
  0x28a48400 JavaThread "JmDNS(nazmul46416-WHILDC-COM.local.).State.Timer" [_thread_blocked, id=24632, stack(0x283a0000,0x283f0000)]
  0x28a58000 JavaThread "JmDNS(nazmul46416-WHILDC-COM.local.).Timer" daemon [_thread_blocked, id=20368, stack(0x28100000,0x28150000)]
  0x265d7000 JavaThread "Multihomed mDNS.Timer" daemon [_thread_blocked, id=23888, stack(0x26a60000,0x26ab0000)]
  0x265d7800 JavaThread "cc.arduino.packages.discoverers.serial.SerialDiscovery" [_thread_blocked, id=11308, stack(0x27c40000,0x27c90000)]
  0x265e9400 JavaThread "AWT-Windows" daemon [_thread_in_native, id=19460, stack(0x26af0000,0x26b40000)]
  0x265e8000 JavaThread "Java2D Disposer" daemon [_thread_blocked, id=17552, stack(0x269d0000,0x26a20000)]
  0x25c32000 JavaThread "Service Thread" daemon [_thread_blocked, id=11156, stack(0x26260000,0x262b0000)]
  0x25c3d000 JavaThread "C1 CompilerThread0" daemon [_thread_blocked, id=9624, stack(0x261d0000,0x26220000)]
  0x25c3b400 JavaThread "Attach Listener" daemon [_thread_blocked, id=17500, stack(0x26140000,0x26190000)]
  0x25c39800 JavaThread "Signal Dispatcher" daemon [_thread_blocked, id=20128, stack(0x260b0000,0x26100000)]
  0x25c1bc00 JavaThread "Finalizer" daemon [_thread_blocked, id=18644, stack(0x25f20000,0x25f70000)]
  0x25c16000 JavaThread "Reference Handler" daemon [_thread_blocked, id=20392, stack(0x25e90000,0x25ee0000)]

Other Threads:
  0x25c00400 VMThread [stack: 0x25e00000,0x25e50000] [id=12748]
  0x25c35400 WatcherThread [stack: 0x262f0000,0x26340000] [id=8564]

VM state:synchronizing (normal execution)

VM Mutex/Monitor currently owned by a thread:  ([mutex/lock_event])
[0x026bd4b8] Threads_lock - owner thread: 0x25c00400
[0x026be278] Heap_lock - owner thread: 0x265d7000

Heap:
 def new generation   total 157248K, used 157247K [0x04a00000, 0x0f4a0000, 0x0f4a0000)
  eden space 139776K, 100% used [0x04a00000, 0x0d280000, 0x0d280000)
  from space 17472K,  99% used [0x0e390000, 0x0f49fff8, 0x0f4a0000)
  to   space 17472K,   0% used [0x0d280000, 0x0d280000, 0x0e390000)
 tenured generation   total 349568K, used 349568K [0x0f4a0000, 0x24a00000, 0x24a00000)
   the space 349568K, 100% used [0x0f4a0000, 0x24a00000, 0x24a00000, 0x24a00000)
 Metaspace       used 26060K, capacity 26633K, committed 26752K, reserved 27008K

Card table byte_map: [0x24a00000,0x24b10000] byte_map_base: 0x249db000

Polling page: 0x025d0000

CodeCache: size=32768Kb used=2241Kb max_used=5258Kb free=30526Kb
 bounds [0x027d0000, 0x02cf8000, 0x047d0000]
 total_blobs=1307 nmethods=1006 adapters=228
 compilation: enabled

Compilation events (10 events):
Event: 518519.699 Thread 0x25c3d000 204199             javax.swing.text.StyleContext$KeyEnumeration::hasMoreElements (18 bytes)
Event: 518520.237 Thread 0x25c3d000 nmethod 204199 0x029c1b48 code [0x029c1c40, 0x029c1ce0]
Event: 518522.401 Thread 0x25c3d000 204200             javax.swing.text.SimpleAttributeSet$EmptyAttributeSet::getAttribute (2 bytes)
Event: 518522.962 Thread 0x25c3d000 nmethod 204200 0x028d4dc8 code [0x028d4ec0, 0x028d4f40]
Event: 518523.521 Thread 0x25c3d000 204201             java.util.LinkedHashMap::get (33 bytes)
Event: 518524.191 Thread 0x25c3d000 nmethod 204201 0x028c0b48 code [0x028c0c60, 0x028c0d94]
Event: 518525.761 Thread 0x25c3d000 204202   !         java.util.concurrent.locks.AbstractQueuedSynchronizer::acquireQueued (93 bytes)
Event: 518526.896 Thread 0x25c3d000 nmethod 204202 0x0289ca08 code [0x0289cb60, 0x0289ce78]
Event: 518529.872 Thread 0x25c3d000 204203             java.util.concurrent.locks.ReentrantLock$NonfairSync::tryAcquire (6 bytes)
Event: 518529.872 Thread 0x25c3d000 nmethod 204203 0x029c4b48 code [0x029c4c40, 0x029c4ccc]

GC Heap History (10 events):
Event: 518549.941 GC heap before
{Heap before GC invocations=1809 (full 1469):
 def new generation   total 157248K, used 157247K [0x04a00000, 0x0f4a0000, 0x0f4a0000)
  eden space 139776K, 100% used [0x04a00000, 0x0d280000, 0x0d280000)
  from space 17472K,  99% used [0x0e390000, 0x0f49fff8, 0x0f4a0000)
  to   space 17472K,   0% used [0x0d280000, 0x0d280000, 0x0e390000)
 tenured generation   total 349568K, used 349567K [0x0f4a0000, 0x24a00000, 0x24a00000)
   the space 349568K,  99% used [0x0f4a0000, 0x249fffb8, 0x24a00000, 0x24a00000)
 Metaspace       used 26060K, capacity 26633K, committed 26752K, reserved 27008K
Event: 518550.476 GC heap after
Heap after GC invocations=1810 (full 1470):
 def new generation   total 157248K, used 157247K [0x04a00000, 0x0f4a0000, 0x0f4a0000)
  eden space 139776K, 100% used [0x04a00000, 0x0d280000, 0x0d280000)
  from space 17472K,  99% used [0x0e390000, 0x0f49fff8, 0x0f4a0000)
  to   space 17472K,   0% used [0x0d280000, 0x0d280000, 0x0e390000)
 tenured generation   total 349568K, used 349567K [0x0f4a0000, 0x24a00000, 0x24a00000)
   the space 349568K,  99% used [0x0f4a0000, 0x249ffcd0, 0x249ffe00, 0x24a00000)
 Metaspace       used 26060K, capacity 26633K, committed 26752K, reserved 27008K
}
Event: 518550.477 GC heap before
{Heap before GC invocations=1810 (full 1470):
 def new generation   total 157248K, used 157247K [0x04a00000, 0x0f4a0000, 0x0f4a0000)
  eden space 139776K, 100% used [0x04a00000, 0x0d280000, 0x0d280000)
  from space 17472K,  99% used [0x0e390000, 0x0f49fff8, 0x0f4a0000)
  to   space 17472K,   0% used [0x0d280000, 0x0d280000, 0x0e390000)
 tenured generation   total 349568K, used 349567K [0x0f4a0000, 0x24a00000, 0x24a00000)
   the space 349568K,  99% used [0x0f4a0000, 0x249ffff8, 0x24a00000, 0x24a00000)
 Metaspace       used 26060K, capacity 26633K, committed 26752K, reserved 27008K
Event: 518551.008 GC heap after
Heap after GC invocations=1811 (full 1471):
 def new generation   total 157248K, used 157247K [0x04a00000, 0x0f4a0000, 0x0f4a0000)
  eden space 139776K, 100% used [0x04a00000, 0x0d280000, 0x0d280000)
  from space 17472K,  99% used [0x0e390000, 0x0f49fff8, 0x0f4a0000)
  to   space 17472K,   0% used [0x0d280000, 0x0d280000, 0x0e390000)
 tenured generation   total 349568K, used 349567K [0x0f4a0000, 0x24a00000, 0x24a00000)
   the space 349568K,  99% used [0x0f4a0000, 0x249ffff8, 0x24a00000, 0x24a00000)
 Metaspace       used 26060K, capacity 26633K, committed 26752K, reserved 27008K
}
Event: 518551.008 GC heap before
{Heap before GC invocations=1811 (full 1471):
 def new generation   total 157248K, used 157247K [0x04a00000, 0x0f4a0000, 0x0f4a0000)
  eden space 139776K, 100% used [0x04a00000, 0x0d280000, 0x0d280000)
  from space 17472K,  99% used [0x0e390000, 0x0f49fff8, 0x0f4a0000)
  to   space 17472K,   0% used [0x0d280000, 0x0d280000, 0x0e390000)
 tenured generation   total 349568K, used 349567K [0x0f4a0000, 0x24a00000, 0x24a00000)
   the space 349568K,  99% used [0x0f4a0000, 0x249ffff8, 0x24a00000, 0x24a00000)
 Metaspace       used 26060K, capacity 26633K, committed 26752K, reserved 27008K
Event: 518551.631 GC heap after
Heap after GC invocations=1812 (full 1472):
 def new generation   total 157248K, used 157247K [0x04a00000, 0x0f4a0000, 0x0f4a0000)
  eden space 139776K, 100% used [0x04a00000, 0x0d280000, 0x0d280000)
  from space 17472K,  99% used [0x0e390000, 0x0f49fff8, 0x0f4a0000)
  to   space 17472K,   0% used [0x0d280000, 0x0d280000, 0x0e390000)
 tenured generation   total 349568K, used 349564K [0x0f4a0000, 0x24a00000, 0x24a00000)
   the space 349568K,  99% used [0x0f4a0000, 0x249ff2c0, 0x249ff400, 0x24a00000)
 Metaspace       used 26060K, capacity 26633K, committed 26752K, reserved 27008K
}
Event: 518551.631 GC heap before
{Heap before GC invocations=1812 (full 1472):
 def new generation   total 157248K, used 157247K [0x04a00000, 0x0f4a0000, 0x0f4a0000)
  eden space 139776K, 100% used [0x04a00000, 0x0d280000, 0x0d280000)
  from space 17472K,  99% used [0x0e390000, 0x0f49fff8, 0x0f4a0000)
  to   space 17472K,   0% used [0x0d280000, 0x0d280000, 0x0e390000)
 tenured generation   total 349568K, used 349565K [0x0f4a0000, 0x24a00000, 0x24a00000)
   the space 349568K,  99% used [0x0f4a0000, 0x249ff760, 0x249ff800, 0x24a00000)
 Metaspace       used 26060K, capacity 26633K, committed 26752K, reserved 27008K
Event: 518552.250 GC heap after
Heap after GC invocations=1813 (full 1473):
 def new generation   total 157248K, used 157247K [0x04a00000, 0x0f4a0000, 0x0f4a0000)
  eden space 139776K, 100% used [0x04a00000, 0x0d280000, 0x0d280000)
  from space 17472K,  99% used [0x0e390000, 0x0f49fff8, 0x0f4a0000)
  to   space 17472K,   0% used [0x0d280000, 0x0d280000, 0x0e390000)
 tenured generation   total 349568K, used 349565K [0x0f4a0000, 0x24a00000, 0x24a00000)
   the space 349568K,  99% used [0x0f4a0000, 0x249ff760, 0x249ff800, 0x24a00000)
 Metaspace       used 26060K, capacity 26633K, committed 26752K, reserved 27008K
}
Event: 518552.250 GC heap before
{Heap before GC invocations=1813 (full 1473):
 def new generation   total 157248K, used 157247K [0x04a00000, 0x0f4a0000, 0x0f4a0000)
  eden space 139776K, 100% used [0x04a00000, 0x0d280000, 0x0d280000)
  from space 17472K,  99% used [0x0e390000, 0x0f49fff8, 0x0f4a0000)
  to   space 17472K,   0% used [0x0d280000, 0x0d280000, 0x0e390000)
 tenured generation   total 349568K, used 349565K [0x0f4a0000, 0x24a00000, 0x24a00000)
   the space 349568K,  99% used [0x0f4a0000, 0x249ff760, 0x249ff800, 0x24a00000)
 Metaspace       used 26060K, capacity 26633K, committed 26752K, reserved 27008K
Event: 518552.868 GC heap after
Heap after GC invocations=1814 (full 1474):
 def new generation   total 157248K, used 157247K [0x04a00000, 0x0f4a0000, 0x0f4a0000)
  eden space 139776K, 100% used [0x04a00000, 0x0d280000, 0x0d280000)
  from space 17472K,  99% used [0x0e390000, 0x0f49fff8, 0x0f4a0000)
  to   space 17472K,   0% used [0x0d280000, 0x0d280000, 0x0e390000)
 tenured generation   total 349568K, used 349564K [0x0f4a0000, 0x24a00000, 0x24a00000)
   the space 349568K,  99% used [0x0f4a0000, 0x249ff308, 0x249ff400, 0x24a00000)
 Metaspace       used 26060K, capacity 26633K, committed 26752K, reserved 27008K
}

Deoptimization events (0 events):
No events

Classes redefined (0 events):
No events

Internal exceptions (10 events):
Event: 518533.592 Thread 0x286d8400 Exception <a 'java/io/IOException'> (0x249ffa98) thrown at [C:\workspace\8-2-build-windows-i586-cygwin\jdk8u191\11896\hotspot\src\share\vm\prims\jni.cpp, line 709]
Event: 518534.803 Thread 0x286d8400 Exception <a 'java/io/IOException'> (0x0f49f0f8) thrown at [C:\workspace\8-2-build-windows-i586-cygwin\jdk8u191\11896\hotspot\src\share\vm\prims\jni.cpp, line 709]
Event: 518535.971 Thread 0x286d8400 Exception <a 'java/io/IOException'> (0x0f49fc48) thrown at [C:\workspace\8-2-build-windows-i586-cygwin\jdk8u191\11896\hotspot\src\share\vm\prims\jni.cpp, line 709]
Event: 518537.346 Thread 0x286d8400 Exception <a 'java/io/IOException'> (0x0f49fbe8) thrown at [C:\workspace\8-2-build-windows-i586-cygwin\jdk8u191\11896\hotspot\src\share\vm\prims\jni.cpp, line 709]
Event: 518538.589 Thread 0x286d8400 Exception <a 'java/io/IOException'> (0x249fd790) thrown at [C:\workspace\8-2-build-windows-i586-cygwin\jdk8u191\11896\hotspot\src\share\vm\prims\jni.cpp, line 709]
Event: 518538.589 Thread 0x286d8400 Exception <a 'java/io/IOException'> (0x249fe288) thrown at [C:\workspace\8-2-build-windows-i586-cygwin\jdk8u191\11896\hotspot\src\share\vm\prims\jni.cpp, line 709]
Event: 518538.589 Thread 0x286d8400 Exception <a 'java/io/IOException'> (0x249ff538) thrown at [C:\workspace\8-2-build-windows-i586-cygwin\jdk8u191\11896\hotspot\src\share\vm\prims\jni.cpp, line 709]
Event: 518541.243 Thread 0x286d8400 Exception <a 'java/io/IOException'> (0x249fef40) thrown at [C:\workspace\8-2-build-windows-i586-cygwin\jdk8u191\11896\hotspot\src\share\vm\prims\jni.cpp, line 709]
Event: 518542.619 Thread 0x286d8400 Exception <a 'java/io/IOException'> (0x249feea0) thrown at [C:\workspace\8-2-build-windows-i586-cygwin\jdk8u191\11896\hotspot\src\share\vm\prims\jni.cpp, line 709]
Event: 518552.868 Thread 0x29889800 Exception <a 'java/lang/OutOfMemoryError'> (0x0f530de0) thrown at [C:\workspace\8-2-build-windows-i586-cygwin\jdk8u191\11896\hotspot\src\share\vm\gc_interface/collectedHeap.inline.hpp, line 159]

Events (10 events):
Event: 518547.896 Executing VM operation: GenCollectForAllocation done
Event: 518547.896 Executing VM operation: GenCollectForAllocation
Event: 518549.215 Executing VM operation: GenCollectForAllocation done
Event: 518549.215 Executing VM operation: GenCollectForAllocation
Event: 518550.477 Executing VM operation: GenCollectForAllocation done
Event: 518550.477 Executing VM operation: GenCollectForAllocation
Event: 518551.631 Executing VM operation: GenCollectForAllocation done
Event: 518551.631 Executing VM operation: GenCollectForAllocation
Event: 518552.868 Executing VM operation: GenCollectForAllocation done
Event: 518552.868 Executing VM operation: GenCollectForAllocation


Dynamic libraries:
0x001b0000 - 0x001e3000 	D:\InstalledSoftware\Arduino\java\bin\javaw.exe
0x77150000 - 0x77301000 	C:\WINDOWS\SYSTEM32\ntdll.dll
0x76010000 - 0x76100000 	C:\WINDOWS\System32\KERNEL32.DLL
0x74f30000 - 0x751a4000 	C:\WINDOWS\System32\KERNELBASE.dll
0x768b0000 - 0x7692d000 	C:\WINDOWS\System32\ADVAPI32.dll
0x75d10000 - 0x75dd4000 	C:\WINDOWS\System32\msvcrt.dll
0x76b60000 - 0x76be4000 	C:\WINDOWS\System32\sechost.dll
0x755c0000 - 0x7567a000 	C:\WINDOWS\System32\RPCRT4.dll
0x75680000 - 0x75828000 	C:\WINDOWS\System32\USER32.dll
0x75c20000 - 0x75c3a000 	C:\WINDOWS\System32\win32u.dll
0x75b30000 - 0x75b53000 	C:\WINDOWS\System32\GDI32.dll
0x75f10000 - 0x75ff2000 	C:\WINDOWS\System32\gdi32full.dll
0x751b0000 - 0x75229000 	C:\WINDOWS\System32\msvcp_win.dll
0x76930000 - 0x76a42000 	C:\WINDOWS\System32\ucrtbase.dll
0x72280000 - 0x724a8000 	C:\WINDOWS\WinSxS\x86_microsoft.windows.common-controls_6595b64144ccf1df_6.0.22621.2361_none_6ec005ac87ff2149\COMCTL32.dll
0x76a50000 - 0x76a75000 	C:\WINDOWS\System32\IMM32.DLL
0x692f0000 - 0x693af000 	D:\InstalledSoftware\Arduino\java\bin\msvcr100.dll
0x68f10000 - 0x692e3000 	D:\InstalledSoftware\Arduino\java\bin\client\jvm.dll
0x76ae0000 - 0x76ae6000 	C:\WINDOWS\System32\PSAPI.DLL
0x71d20000 - 0x71d28000 	C:\WINDOWS\SYSTEM32\WSOCK32.dll
0x74960000 - 0x74968000 	C:\WINDOWS\SYSTEM32\VERSION.dll
0x74990000 - 0x749c1000 	C:\WINDOWS\SYSTEM32\WINMM.dll
0x76a80000 - 0x76adf000 	C:\WINDOWS\System32\WS2_32.dll
0x68ee0000 - 0x68f10000 	D:\InstalledSoftware\Arduino\java\bin\splashscreen.dll
0x74c70000 - 0x74cef000 	C:\WINDOWS\system32\uxtheme.dll
0x75340000 - 0x755bc000 	C:\WINDOWS\System32\combase.dll
0x6e540000 - 0x6e54c000 	D:\InstalledSoftware\Arduino\java\bin\verify.dll
0x68eb0000 - 0x68ed2000 	D:\InstalledSoftware\Arduino\java\bin\java.dll
0x77040000 - 0x77139000 	C:\WINDOWS\System32\MSCTF.dll
0x68e90000 - 0x68ea4000 	D:\InstalledSoftware\Arduino\java\bin\zip.dll
0x74970000 - 0x74983000 	C:\WINDOWS\SYSTEM32\kernel.appcore.dll
0x767a0000 - 0x76802000 	C:\WINDOWS\System32\bcryptPrimitives.dll
0x6c940000 - 0x6ca3a000 	C:\WINDOWS\SYSTEM32\textinputframework.dll
0x76810000 - 0x768ac000 	C:\WINDOWS\System32\OLEAUT32.dll
0x6c870000 - 0x6c93d000 	C:\WINDOWS\SYSTEM32\CoreMessaging.dll
0x6c5d0000 - 0x6c861000 	C:\WINDOWS\SYSTEM32\CoreUIComponents.dll
0x73900000 - 0x739c7000 	C:\WINDOWS\SYSTEM32\wintypes.dll
0x70b40000 - 0x70b4b000 	C:\WINDOWS\SYSTEM32\CRYPTBASE.DLL
0x76100000 - 0x76795000 	C:\WINDOWS\System32\SHELL32.dll
0x739d0000 - 0x740b9000 	C:\WINDOWS\SYSTEM32\windows.storage.dll
0x75e40000 - 0x75f01000 	C:\WINDOWS\System32\SHCORE.dll
0x76af0000 - 0x76b3b000 	C:\WINDOWS\System32\shlwapi.dll
0x72040000 - 0x7205d000 	C:\WINDOWS\SYSTEM32\profapi.dll
0x61940000 - 0x619b3000 	D:\InstalledSoftware\Arduino\lib\listSerialsj.dll
0x76bf0000 - 0x7702d000 	C:\WINDOWS\System32\SETUPAPI.dll
0x71e90000 - 0x71ecd000 	C:\WINDOWS\SYSTEM32\cfgmgr32.DLL
0x68e70000 - 0x68e8d000 	D:\InstalledSoftware\Arduino\lib\jnidispatch-4.2.2-win32-x86.dll
0x74de0000 - 0x74f30000 	C:\WINDOWS\System32\Ole32.dll
0x68e50000 - 0x68e65000 	D:\InstalledSoftware\Arduino\java\bin\net.dll
0x71cb0000 - 0x71d01000 	C:\WINDOWS\system32\mswsock.dll
0x68e40000 - 0x68e4f000 	D:\InstalledSoftware\Arduino\java\bin\nio.dll
0x68cf0000 - 0x68e37000 	D:\InstalledSoftware\Arduino\java\bin\awt.dll
0x71d80000 - 0x71e26000 	C:\WINDOWS\SYSTEM32\apphelp.dll
0x6e220000 - 0x6e244000 	C:\WINDOWS\system32\DWMAPI.DLL
0x68cb0000 - 0x68ce9000 	D:\InstalledSoftware\Arduino\java\bin\fontmanager.dll
0x68bd0000 - 0x68cb0000 	C:\WINDOWS\system32\opengl32.dll
0x68b80000 - 0x68bc2000 	C:\WINDOWS\SYSTEM32\GLU32.dll
0x6a3f0000 - 0x6a41d000 	C:\WINDOWS\SYSTEM32\dxcore.dll
0x68b40000 - 0x68b72000 	D:\InstalledSoftware\Arduino\java\bin\t2k.dll
0x68b30000 - 0x68b3a000 	D:\InstalledSoftware\Arduino\java\bin\management.dll
0x71c60000 - 0x71c72000 	C:\WINDOWS\system32\napinsp.dll
0x71050000 - 0x71066000 	C:\WINDOWS\system32\pnrpnsp.dll
0x70f40000 - 0x70ffc000 	C:\WINDOWS\SYSTEM32\DNSAPI.dll
0x72250000 - 0x72274000 	C:\WINDOWS\SYSTEM32\IPHLPAPI.DLL
0x76000000 - 0x76007000 	C:\WINDOWS\System32\NSI.dll
0x70cf0000 - 0x70cfe000 	C:\WINDOWS\System32\winrnr.dll
0x70cd0000 - 0x70ce1000 	C:\WINDOWS\system32\wshbth.dll
0x70cb0000 - 0x70cc8000 	C:\WINDOWS\system32\nlansp_c.dll
0x70c40000 - 0x70c9e000 	C:\WINDOWS\System32\fwpuclnt.dll
0x70ca0000 - 0x70ca8000 	C:\Windows\System32\rasadhlp.dll
0x71070000 - 0x71086000 	C:\WINDOWS\SYSTEM32\dhcpcsvc6.DLL
0x71030000 - 0x71047000 	C:\WINDOWS\SYSTEM32\dhcpcsvc.DLL
0x70c20000 - 0x70c35000 	C:\WINDOWS\SYSTEM32\CRYPTSP.dll
0x70b80000 - 0x70bb0000 	C:\WINDOWS\system32\rsaenh.dll
0x74b40000 - 0x74b64000 	C:\WINDOWS\SYSTEM32\USERENV.dll
0x70c00000 - 0x70c1a000 	C:\WINDOWS\SYSTEM32\bcrypt.dll
0x68970000 - 0x68994000 	C:\WINDOWS\SYSTEM32\DEVOBJ.dll
0x75de0000 - 0x75e39000 	C:\WINDOWS\System32\WINTRUST.dll
0x75230000 - 0x75333000 	C:\WINDOWS\System32\CRYPT32.dll
0x6edc0000 - 0x6edce000 	C:\WINDOWS\SYSTEM32\MSASN1.dll
0x68b10000 - 0x68b30000 	D:\InstalledSoftware\Arduino\java\bin\sunec.dll
0x68b00000 - 0x68b09000 	D:\InstalledSoftware\Arduino\java\bin\sunmscapi.dll
0x68a90000 - 0x68af9000 	D:\InstalledSoftware\Arduino\msvcp100.dll
0x689d0000 - 0x68a8e000 	D:\InstalledSoftware\Arduino\msvcr100.dll
0x291e0000 - 0x29212000 	D:\InstalledSoftware\Arduino\lib\AStylej.dll
0x689a0000 - 0x689c4000 	D:\InstalledSoftware\Arduino\java\bin\dcpr.dll
0x75a00000 - 0x75a82000 	C:\WINDOWS\System32\clbcatq.dll
0x6dec0000 - 0x6e020000 	C:\WINDOWS\SYSTEM32\WindowsCodecs.dll
0x6f450000 - 0x6f49c000 	C:\WINDOWS\system32\dataexchange.dll
0x6bbd0000 - 0x6bdbb000 	C:\WINDOWS\system32\twinapi.appcore.dll
0x64000000 - 0x6401b000 	D:\InstalledSoftware\Arduino\lib\jSSC-2.8_x86.dll
0x6ea50000 - 0x6eae1000 	C:\WINDOWS\WinSxS\x86_microsoft.windows.common-controls_6595b64144ccf1df_5.82.22621.608_none_42d541138da2ebd2\comctl32.dll
0x68910000 - 0x68968000 	C:\WINDOWS\system32\Ninput.dll
0x67aa0000 - 0x67c72000 	C:\WINDOWS\SYSTEM32\dbghelp.dll

VM Arguments:
jvm_args: -Dsun.java2d.d3d=false -Djna.nosys=true -Djna.nounpack=true -Djna.boot.library.name=jnidispatch-4.2.2-win32-x86 -Djna.boot.library.path=D:\InstalledSoftware\Arduino/lib -Djssc.library.path=D:\InstalledSoftware\Arduino/lib -DAPP_DIR=D:\InstalledSoftware\Arduino -Xms128M -Xmx512M -Dfile.encoding=UTF8 -Djava.net.preferIPv4Stack=true 
java_command: processing.app.Base E:\Walton-Microcontroller-App\RMS_SIM800L_CSD\Walton_RMS_System\RMS_SIM800L_CSD\RMS_SIM800L_CSD.ino
java_class_path (initial): D:\InstalledSoftware\Arduino\lib\apple.jar;D:\InstalledSoftware\Arduino\lib\arduino-core.jar;D:\InstalledSoftware\Arduino\lib\batik-1.8.jar;D:\InstalledSoftware\Arduino\lib\batik-anim-1.8.jar;D:\InstalledSoftware\Arduino\lib\batik-awt-util-1.8.jar;D:\InstalledSoftware\Arduino\lib\batik-bridge-1.8.jar;D:\InstalledSoftware\Arduino\lib\batik-codec-1.8.jar;D:\InstalledSoftware\Arduino\lib\batik-css-1.8.jar;D:\InstalledSoftware\Arduino\lib\batik-dom-1.8.jar;D:\InstalledSoftware\Arduino\lib\batik-ext-1.8.jar;D:\InstalledSoftware\Arduino\lib\batik-gvt-1.8.jar;D:\InstalledSoftware\Arduino\lib\batik-parser-1.8.jar;D:\InstalledSoftware\Arduino\lib\batik-rasterizer-1.8.jar;D:\InstalledSoftware\Arduino\lib\batik-script-1.8.jar;D:\InstalledSoftware\Arduino\lib\batik-squiggle-1.8.jar;D:\InstalledSoftware\Arduino\lib\batik-svg-dom-1.8.jar;D:\InstalledSoftware\Arduino\lib\batik-svgpp-1.8.jar;D:\InstalledSoftware\Arduino\lib\batik-transcoder-1.8.jar;D:\InstalledSoftware\Arduino\lib\batik-util-1.8.jar;D:\InstalledSoftware\Arduino\lib\batik-xml-1.8.jar;D:\InstalledSoftware\Arduino\lib\bcpg-jdk15on-152.jar;D:\InstalledSoftware\Arduino\lib\bcprov-jdk15on-152.jar;D:\InstalledSoftware\Arduino\lib\commons-codec-1.7.jar;D:\InstalledSoftware\Arduino\lib\commons-compress-1.8.jar;D:\InstalledSoftware\Arduino\lib\commons-exec-1.1.jar;D:\InstalledSoftware\Arduino\lib\commons-httpclient-3.1.jar;D:\InstalledSoftware\Arduino\lib\commons-lang3-3.8.1.jar;D:\InstalledSoftware\Arduino\lib\commons-logging-1.0.4.jar;D:\InstalledSoftware\Arduino\lib\commons-net-3.3.jar;D:\InstalledSoftware\Arduino\lib\commons-io-2.6.jar;D:\InstalledSoftware\Arduino\lib\jackson-annotations-2.9.5.jar;D:\InstalledSoftware\Arduino\lib\jackson-core-2.9.5.jar;D:\InstalledSoftware\Arduino\lib\jackson-databind-2.9.5.jar;D:\InstalledSoftware\Arduino\lib\java-semver-0.8.0.jar;D:\InstalledSoftware\Arduino\lib\jmdns-3.5.5.jar;D:\InstalledSoftware\Arduino\lib\jtouchbar-1.0.0.jar;D:\InstalledSoftware\Arduin
Launcher Type: SUN_STANDARD

Environment Variables:
JAVA_HOME=D:\InstalledSoftware\openjdk-17.0.2_windows-x64_bin
PATH=C:\Program Files (x86)\Common Files\Oracle\Java\javapath;C:\Program Files (x86)\Common Files\ArcSoft\Bin;C:\WINDOWS\system32;C:\WINDOWS;C:\WINDOWS\System32\Wbem;C:\WINDOWS\System32\WindowsPowerShell\v1.0\;C:\WINDOWS\System32\OpenSSH\;D:\InstalledSoftware\openjdk-17.0.2_windows-x64_bin\jdk-17.0.2\bin;C:\Program Files\Docker\Docker\resources\bin;C:\ProgramData\DockerDesktop\version-bin;D:\InstalledSoftware\nodeJs\;C:\Program Files\Git\cmd;C:\Program Files\dotnet\;D:\InstalledSoftware\Scripts\;D:\InstalledSoftware\;C:\Users\nazmul46416\AppData\Local\Microsoft\WindowsApps;D:\InstalledSoftware\Microsoft VS Code\bin;C:\Users\nazmul46416\AppData\Roaming\npm;C:\Users\nazmul46416\AppData\Local\GitHubDesktop\bin;C:\Users\nazmul46416\.dotnet\tools;D:\InstalledSoftware\Arduino\java\bin
USERNAME=nazmul46416
OS=Windows_NT
PROCESSOR_IDENTIFIER=Intel64 Family 6 Model 142 Stepping 12, GenuineIntel



---------------  S Y S T E M  ---------------

OS: Windows 10.0 , 64 bit Build 22621 (10.0.22621.2428)

CPU:total 8 (initial active 8) (4 cores per cpu, 2 threads per core) family 6 model 142 stepping 12, cmov, cx8, fxsr, mmx, sse, sse2, sse3, ssse3, sse4.1, sse4.2, popcnt, avx, avx2, aes, clmul, erms, 3dnowpref, lzcnt, ht, tsc, tscinvbit, bmi1, bmi2, adx

Memory: 4k page, physical 8168436k(1078624k free), swap 20227060k(8832732k free)

vm_info: Java HotSpot(TM) Client VM (25.191-b12) for windows-x86 JRE (1.8.0_191-b12), built on Oct  6 2018 08:34:23 by "java_re" with MS VC++ 10.0 (VS2010)

time: Sat Oct 28 10:31:20 2023
elapsed time: 518552 seconds (6d 0h 2m 32s)

